C51 COMPILER V9.60.7.0   MAIN                                                              10/29/2024 23:33:05 PAGE 1   


C51 COMPILER V9.60.7.0, COMPILATION OF MODULE MAIN
OBJECT MODULE PLACED IN .\Objects\main.obj
COMPILER INVOKED BY: C:\Keil_v5\C51\BIN\C51.EXE main.c OPTIMIZE(8,SPEED) BROWSE DEBUG OBJECTEXTEND PRINT(.\Listings\main
                    -.lst) TABS(2) OBJECT(.\Objects\main.obj)

line level    source

   1          #include <REGX52.H>
   2          
   3          void Delay1ms(unsigned int xms)   //@12.000MHz
   4          {
   5   1        while(xms)
   6   1        {
   7   2          unsigned char i, j;
   8   2      
   9   2        i = 2;
  10   2        j = 239;
  11   2        do
  12   2        {
  13   3          while (--j);
  14   3        } while (--i);
  15   2        xms--;
  16   2        }
  17   1      }
  18          
  19          void main()
  20          {
  21   1        
  22   1        while(1)
  23   1        {
  24   2          P2=0XFE;//1111 1110
  25   2          Delay1ms(500);
  26   2          P2=0XFD;//1111 1101
  27   2          Delay1ms(500);
  28   2          P2=0XFB;//1111 1011
  29   2          Delay1ms(100);
  30   2          P2=0XF7;//1111 0111
  31   2          Delay1ms(100);
  32   2          P2=0XEF;//1110 1111
  33   2          Delay1ms(100);
  34   2          P2=0XDF;//1101 1111
  35   2          Delay1ms(100);
  36   2          P2=0XBF;//1011 1111
  37   2          Delay1ms(500);
  38   2          P2=0X7F;//0111 1111
  39   2          Delay1ms(500);
  40   2        }
  41   1      }


MODULE INFORMATION:   STATIC OVERLAYABLE
   CODE SIZE        =     94    ----
   CONSTANT SIZE    =   ----    ----
   XDATA SIZE       =   ----    ----
   PDATA SIZE       =   ----    ----
   DATA SIZE        =   ----       2
   IDATA SIZE       =   ----    ----
   BIT SIZE         =   ----    ----
END OF MODULE INFORMATION.


C51 COMPILATION COMPLETE.  0 WARNING(S),  0 ERROR(S)
