C51 COMPILER V9.60.7.0   MAIN                                                              11/02/2024 11:27:51 PAGE 1   


C51 COMPILER V9.60.7.0, COMPILATION OF MODULE MAIN
OBJECT MODULE PLACED IN .\Objects\main.obj
COMPILER INVOKED BY: C:\Keil_v5\C51\BIN\C51.EXE main.c OPTIMIZE(8,SPEED) BROWSE DEBUG OBJECTEXTEND PRINT(.\Listings\main
                    -.lst) TABS(2) OBJECT(.\Objects\main.obj)

line level    source

   1          #include <at89c51RC2.h>
   2          #include "lcd1602.h"
   3          #include "Delay.h"
   4          
   5          int Result=0;
   6          
   7          void main()
   8          {
   9   1        LCD_Init();
  10   1      //  Display test start
  11   1      //
  12   1      //  LCD_ShowChar(1,1,'A');
  13   1      //  LCD_ShowString(1,3,"Hello");
  14   1      //  LCD_ShowNum(1,9,123,3);
  15   1      //  LCD_ShowSignedNum(1,13,-66,2);
  16   1      //  LCD_ShowHexNum(2,1,0xA8,2);
  17   1      //  LCD_ShowBinNum(2,4,0xAA,8);
  18   1      //  result=1+1;
  19   1      //  LCD_ShowNum(2,13,result,3);
  20   1      //
  21   1      //  Display test end
  22   1        
  23   1        while(1)
  24   1        {
  25   2          Result++;
  26   2          Delay(1000);
  27   2          LCD_ShowNum(1,1,Result,3);
  28   2        }
  29   1      }


MODULE INFORMATION:   STATIC OVERLAYABLE
   CODE SIZE        =     34    ----
   CONSTANT SIZE    =   ----    ----
   XDATA SIZE       =   ----    ----
   PDATA SIZE       =   ----    ----
   DATA SIZE        =      2    ----
   IDATA SIZE       =   ----    ----
   BIT SIZE         =   ----    ----
END OF MODULE INFORMATION.


C51 COMPILATION COMPLETE.  0 WARNING(S),  0 ERROR(S)
