C51 COMPILER V9.60.7.0   MAIN                                                              10/31/2024 22:13:27 PAGE 1   


C51 COMPILER V9.60.7.0, COMPILATION OF MODULE MAIN
OBJECT MODULE PLACED IN .\Objects\main.obj
COMPILER INVOKED BY: C:\Keil_v5\C51\BIN\C51.EXE main.c OPTIMIZE(8,SPEED) BROWSE DEBUG OBJECTEXTEND PRINT(.\Listings\main
                    -.lst) TABS(2) OBJECT(.\Objects\main.obj)

line level    source

   1          #include <at89c51RC2.h>
   2          #include <INTRINS.H>
   3          
   4          /*
   5          "unsigned char NixieTable" is to define different display number in HEX
   6          "0"=0X3F;"1"=0X06;"2"=0X5B;"3"=0X4F;"4"=0X66;"5"=0X6D;"6"=0X7D;"7"=0X07;"8"=0X7F;"9"=0X6F;
   7          */
   8          unsigned char NixieTable[]={0X3F,0X06,0X5B,0X4F,0X66,0X6D,0X7D,0X07,0X7F,0X6F};
   9          void NixieDisplay(unsigned char Location,Number)
  10          {
  11   1        switch(Location)
  12   1        {
  13   2          case 1:P2_4=0;P2_3=0;P2_2=0;break;
  14   2          case 2:P2_4=0;P2_3=0;P2_2=1;break;
  15   2          case 3:P2_4=0;P2_3=1;P2_2=0;break;
  16   2          case 4:P2_4=0;P2_3=1;P2_2=1;break;
  17   2          case 5:P2_4=1;P2_3=0;P2_2=0;break;
  18   2          case 6:P2_4=1;P2_3=0;P2_2=1;break;
  19   2          case 7:P2_4=1;P2_3=1;P2_2=0;break;
  20   2          case 8:P2_4=1;P2_3=1;P2_2=1;break;
  21   2        }
  22   1        P0=NixieTable[Number];
  23   1      }
  24          
  25          void main()
  26          {
  27   1        while(1)
  28   1        {
  29   2          NixieDisplay(3,5);
  30   2        }
  31   1      }


MODULE INFORMATION:   STATIC OVERLAYABLE
   CODE SIZE        =    110    ----
   CONSTANT SIZE    =   ----    ----
   XDATA SIZE       =   ----    ----
   PDATA SIZE       =   ----    ----
   DATA SIZE        =     10    ----
   IDATA SIZE       =   ----    ----
   BIT SIZE         =   ----    ----
END OF MODULE INFORMATION.


C51 COMPILATION COMPLETE.  0 WARNING(S),  0 ERROR(S)
