C51 COMPILER V9.60.7.0   MAIN                                                              11/02/2024 09:12:09 PAGE 1   


C51 COMPILER V9.60.7.0, COMPILATION OF MODULE MAIN
OBJECT MODULE PLACED IN .\Objects\main.obj
COMPILER INVOKED BY: C:\Keil_v5\C51\BIN\C51.EXE main.c OPTIMIZE(8,SPEED) BROWSE DEBUG OBJECTEXTEND PRINT(.\Listings\main
                    -.lst) TABS(2) OBJECT(.\Objects\main.obj)

line level    source

   1          #include <at89c51RC2.h>
   2          #include "Delay.h"
   3          #include "NixieDisplay.h"
   4          
   5          void main()
   6          {
   7   1        while(1)
   8   1        {
   9   2          NixieDisplay(8,2);
  10   2          NixieDisplay(7,0);
  11   2          NixieDisplay(6,2);
  12   2          NixieDisplay(5,4);
  13   2          NixieDisplay(4,1);
  14   2          NixieDisplay(3,1);
  15   2          NixieDisplay(2,0);
  16   2          NixieDisplay(1,2);
  17   2        }
  18   1      }


MODULE INFORMATION:   STATIC OVERLAYABLE
   CODE SIZE        =     72    ----
   CONSTANT SIZE    =   ----    ----
   XDATA SIZE       =   ----    ----
   PDATA SIZE       =   ----    ----
   DATA SIZE        =   ----    ----
   IDATA SIZE       =   ----    ----
   BIT SIZE         =   ----    ----
END OF MODULE INFORMATION.


C51 COMPILATION COMPLETE.  0 WARNING(S),  0 ERROR(S)
