C51 COMPILER V9.60.7.0   NIXIEDISPLAY                                                      11/01/2024 20:46:18 PAGE 1   


C51 COMPILER V9.60.7.0, COMPILATION OF MODULE NIXIEDISPLAY
OBJECT MODULE PLACED IN .\Objects\NixieDisplay.obj
COMPILER INVOKED BY: C:\Keil_v5\C51\BIN\C51.EXE NixieDisplay.c OPTIMIZE(8,SPEED) BROWSE DEBUG OBJECTEXTEND PRINT(.\Listi
                    -ngs\NixieDisplay.lst) TABS(2) OBJECT(.\Objects\NixieDisplay.obj)

line level    source

   1          #include <at89c51RC2.h>
   2          #include "Delay.h"
   3          /*
   4          "unsigned char NixieTable" is to define different display number in HEX
   5          "0"=0X3F;"1"=0X06;"2"=0X5B;"3"=0X4F;"4"=0X66;"5"=0X6D;"6"=0X7D;"7"=0X07;"8"=0X7F;"9"=0X6F;
   6          */
   7          unsigned char NixieTable[]={0X3F,0X06,0X5B,0X4F,0X66,0X6D,0X7D,0X07,0X7F,0X6F};
   8          void NixieDisplay(unsigned char Location,Number)
   9          {
  10   1        switch(Location)
  11   1        {
  12   2          case 1:P2_4=0;P2_3=0;P2_2=0;break;
  13   2          case 2:P2_4=0;P2_3=0;P2_2=1;break;
  14   2          case 3:P2_4=0;P2_3=1;P2_2=0;break;
  15   2          case 4:P2_4=0;P2_3=1;P2_2=1;break;
  16   2          case 5:P2_4=1;P2_3=0;P2_2=0;break;
  17   2          case 6:P2_4=1;P2_3=0;P2_2=1;break;
  18   2          case 7:P2_4=1;P2_3=1;P2_2=0;break;
  19   2          case 8:P2_4=1;P2_3=1;P2_2=1;break;
  20   2        }
  21   1        P0=NixieTable[Number];
  22   1        Delay(50);
  23   1        P0=0X00;
  24   1      }


MODULE INFORMATION:   STATIC OVERLAYABLE
   CODE SIZE        =    109    ----
   CONSTANT SIZE    =   ----    ----
   XDATA SIZE       =   ----    ----
   PDATA SIZE       =   ----    ----
   DATA SIZE        =     10    ----
   IDATA SIZE       =   ----    ----
   BIT SIZE         =   ----    ----
END OF MODULE INFORMATION.


C51 COMPILATION COMPLETE.  0 WARNING(S),  0 ERROR(S)
