C51 COMPILER V9.60.7.0   MAIN                                                              11/01/2024 20:03:03 PAGE 1   


C51 COMPILER V9.60.7.0, COMPILATION OF MODULE MAIN
OBJECT MODULE PLACED IN .\Objects\main.obj
COMPILER INVOKED BY: C:\Keil_v5\C51\BIN\C51.EXE main.c OPTIMIZE(8,SPEED) BROWSE DEBUG OBJECTEXTEND PRINT(.\Listings\main
                    -.lst) TABS(2) OBJECT(.\Objects\main.obj)

line level    source

   1          #include <at89c51RC2.h>
   2          #include <INTRINS.H>
   3          
   4          void Delay(xus)
   5          {
   6   1        while(xus--)
   7   1        {
   8   2          _nop_();
   9   2          _nop_();
  10   2          _nop_();
  11   2          _nop_();
  12   2        }
  13   1      }
  14          
  15          
  16          /*
  17          "unsigned char NixieTable" is to define different display number in HEX
  18          "0"=0X3F;"1"=0X06;"2"=0X5B;"3"=0X4F;"4"=0X66;"5"=0X6D;"6"=0X7D;"7"=0X07;"8"=0X7F;"9"=0X6F;
  19          */
  20          unsigned char NixieTable[]={0X3F,0X06,0X5B,0X4F,0X66,0X6D,0X7D,0X07,0X7F,0X6F};
  21          void NixieDisplay(unsigned char Location,Number)
  22          {
  23   1        switch(Location)
  24   1        {
  25   2          case 1:P2_4=0;P2_3=0;P2_2=0;break;
  26   2          case 2:P2_4=0;P2_3=0;P2_2=1;break;
  27   2          case 3:P2_4=0;P2_3=1;P2_2=0;break;
  28   2          case 4:P2_4=0;P2_3=1;P2_2=1;break;
  29   2          case 5:P2_4=1;P2_3=0;P2_2=0;break;
  30   2          case 6:P2_4=1;P2_3=0;P2_2=1;break;
  31   2          case 7:P2_4=1;P2_3=1;P2_2=0;break;
  32   2          case 8:P2_4=1;P2_3=1;P2_2=1;break;
  33   2        }
  34   1        P0=NixieTable[Number];
  35   1        Delay(50);
  36   1        P0=0X00;
  37   1      }
  38          
  39          void main()
  40          {
  41   1        while(1)
  42   1        {
  43   2          NixieDisplay(8,2);
  44   2          NixieDisplay(7,0);
  45   2          NixieDisplay(6,2);
  46   2          NixieDisplay(5,4);
  47   2          NixieDisplay(4,1);
  48   2          NixieDisplay(3,1);
  49   2          NixieDisplay(2,0);
  50   2          NixieDisplay(1,1);
  51   2        }
  52   1      }


C51 COMPILER V9.60.7.0   MAIN                                                              11/01/2024 20:03:03 PAGE 2   

MODULE INFORMATION:   STATIC OVERLAYABLE
   CODE SIZE        =    195    ----
   CONSTANT SIZE    =   ----    ----
   XDATA SIZE       =   ----    ----
   PDATA SIZE       =   ----    ----
   DATA SIZE        =     10    ----
   IDATA SIZE       =   ----    ----
   BIT SIZE         =   ----    ----
END OF MODULE INFORMATION.


C51 COMPILATION COMPLETE.  0 WARNING(S),  0 ERROR(S)
